<?xml version="1.0" encoding="UTF-8"?>
<!-- Generated by org.testng.reporters.JUnitReportReporter -->
<testsuite hostname="BOOK-BLR52339TG" failures="0" tests="1" name="plumtestpackage.Trackordertest" time="2.968" errors="0" timestamp="2024-02-14T14:35:58 IST" skipped="0">
  <testcase classname="plumtestpackage.Trackordertest" name="test1" time="2.968"/>
</testsuite> <!-- plumtestpackage.Trackordertest -->
