<?xml version="1.0" encoding="UTF-8"?>
<!-- Generated by org.testng.reporters.JUnitReportReporter -->
<testsuite hostname="BOOK-BLR52339TG" failures="0" tests="2" name="plumtestpackage.Mousehovertest" time="8.906" errors="0" timestamp="2024-02-13T16:32:40 IST" skipped="0">
  <testcase classname="plumtestpackage.Mousehovertest" name="test2" time="0.607"/>
  <testcase classname="plumtestpackage.Mousehovertest" name="test1" time="8.299"/>
</testsuite> <!-- plumtestpackage.Mousehovertest -->
