<?xml version="1.0" encoding="UTF-8"?>
<!-- Generated by org.testng.reporters.JUnitReportReporter -->
<testsuite hostname="BOOK-BLR52339TG" failures="0" tests="2" name="plumtestpackage.Addtocarttest" time="18.389" errors="0" timestamp="2024-02-13T16:14:27 IST" skipped="0">
  <testcase classname="plumtestpackage.Addtocarttest" name="test1" time="12.678"/>
  <testcase classname="plumtestpackage.Addtocarttest" name="test2" time="5.711"/>
</testsuite> <!-- plumtestpackage.Addtocarttest -->
