<?xml version="1.0" encoding="UTF-8"?>
<!-- Generated by org.testng.reporters.JUnitReportReporter -->
<testsuite hostname="BOOK-BLR52339TG" failures="0" tests="3" name="plumtestpackage.Logintest" time="29.337" errors="0" timestamp="2024-02-13T16:15:31 IST" skipped="0">
  <testcase classname="plumtestpackage.Logintest" name="test3" time="4.113"/>
  <testcase classname="plumtestpackage.Logintest" name="test1" time="2.817"/>
  <testcase classname="plumtestpackage.Logintest" name="test2" time="22.407"/>
</testsuite> <!-- plumtestpackage.Logintest -->
